  Building Custom Rule C:/Users/Deberry/Desktop/School Projects/ETEC2101_DataStructures/SFML-3.0.0-sources/SFML-3.0.0/src/SFML/Window/CMakeLists.txt
  Clipboard.cpp
  Context.cpp
  Cursor.cpp
  GlContext.cpp
  GlResource.cpp
  Joystick.cpp
  C:\Program Files (x86)\Windows Kits\10\Include\10.0.22621.0\um\dinput.h: DIRECTINPUT_VERSION undefined. Defaulting to version 0x0800
  JoystickManager.cpp
  C:\Program Files (x86)\Windows Kits\10\Include\10.0.22621.0\um\dinput.h: DIRECTINPUT_VERSION undefined. Defaulting to version 0x0800
  Keyboard.cpp
  Mouse.cpp
  Touch.cpp
  Sensor.cpp
  SensorManager.cpp
  VideoMode.cpp
  Vulkan.cpp
  Window.cpp
  WindowBase.cpp
  WindowImpl.cpp
  C:\Program Files (x86)\Windows Kits\10\Include\10.0.22621.0\um\dinput.h: DIRECTINPUT_VERSION undefined. Defaulting to version 0x0800
  CursorImpl.cpp
  ClipboardImpl.cpp
  InputImpl.cpp
  Generating Code...
  Compiling...
  JoystickImpl.cpp
  C:\Program Files (x86)\Windows Kits\10\Include\10.0.22621.0\um\dinput.h: DIRECTINPUT_VERSION undefined. Defaulting to version 0x0800
  SensorImpl.cpp
  VideoModeImpl.cpp
  VulkanImplWin32.cpp
  WindowImplWin32.cpp
  C:\Program Files (x86)\Windows Kits\10\Include\10.0.22621.0\um\dinput.h: DIRECTINPUT_VERSION undefined. Defaulting to version 0x0800
  WglContext.cpp
  Generating Code...
     Creating library C:/Users/Deberry/Desktop/School Projects/ETEC2101_DataStructures/SFML-3.0.0-buildProject/lib/Release/sfml-window.lib and object C:/Users/Deberry/Desktop/School Projects/ETEC2101_DataStructures/SFML-3.0.0-buildProject/lib/Release/sfml-window.exp
  sfml-window.vcxproj -> C:\Users\Deberry\Desktop\School Projects\ETEC2101_DataStructures\SFML-3.0.0-buildProject\bin\Release\sfml-window-3.dll
