  Building Custom Rule C:/Users/Deberry/Desktop/School Projects/ETEC2101_DataStructures/SFML-3.0.0-sources/SFML-3.0.0/src/SFML/Graphics/CMakeLists.txt
  BlendMode.cpp
  Font.cpp
  Glsl.cpp
  GLCheck.cpp
  GLExtensions.cpp
  Image.cpp
  RenderStates.cpp
  RenderTexture.cpp
  RenderTarget.cpp
  RenderWindow.cpp
  Shader.cpp
  StencilMode.cpp
  Texture.cpp
  TextureSaver.cpp
  Transform.cpp
  Transformable.cpp
  View.cpp
  Shape.cpp
  CircleShape.cpp
  RectangleShape.cpp
  Generating Code...
  Compiling...
  ConvexShape.cpp
  Sprite.cpp
  Text.cpp
  VertexArray.cpp
  VertexBuffer.cpp
  RenderTextureImplFBO.cpp
  RenderTextureImplDefault.cpp
  Generating Code...
     Creating library C:/Users/Deberry/Desktop/School Projects/ETEC2101_DataStructures/SFML-3.0.0-buildProject/lib/Release/sfml-graphics.lib and object C:/Users/Deberry/Desktop/School Projects/ETEC2101_DataStructures/SFML-3.0.0-buildProject/lib/Release/sfml-graphics.exp
  sfml-graphics.vcxproj -> C:\Users\Deberry\Desktop\School Projects\ETEC2101_DataStructures\SFML-3.0.0-buildProject\bin\Release\sfml-graphics-3.dll
