  Building Custom Rule C:/Users/Deberry/Desktop/School Projects/ETEC2101_DataStructures/SFML-3.0.0-buildProject/_deps/flac-src/src/libFLAC/CMakeLists.txt
  bitmath.c
  bitreader.c
  bitwriter.c
  cpu.c
  crc.c
  fixed.c
  fixed_intrin_sse2.c
  fixed_intrin_ssse3.c
  fixed_intrin_sse42.c
  fixed_intrin_avx2.c
  float.c
  format.c
  lpc.c
  lpc_intrin_neon.c
  lpc_intrin_sse2.c
  lpc_intrin_sse41.c
  lpc_intrin_avx2.c
  lpc_intrin_fma.c
  md5.c
  memory.c
  Generating Code...
  Compiling...
  metadata_iterators.c
  metadata_object.c
  stream_decoder.c
  stream_encoder.c
  stream_encoder_intrin_sse2.c
  stream_encoder_intrin_ssse3.c
  stream_encoder_intrin_avx2.c
  stream_encoder_framing.c
  window.c
  win_utf8_io.c
  ogg_decoder_aspect.c
  ogg_encoder_aspect.c
  ogg_helper.c
  ogg_mapping.c
  Generating Code...
  FLAC.vcxproj -> C:\Users\Deberry\Desktop\School Projects\ETEC2101_DataStructures\SFML-3.0.0-buildProject\lib\Release\FLAC.lib
