  Building Custom Rule C:/Users/Deberry/Desktop/School Projects/ETEC2101_DataStructures/SFML-3.0.0-sources/SFML-3.0.0/src/SFML/Audio/CMakeLists.txt
  AudioResource.cpp
  AudioDevice.cpp
  Listener.cpp
  Miniaudio.cpp
  MiniaudioUtils.cpp
  Music.cpp
  PlaybackDevice.cpp
  Sound.cpp
  SoundBuffer.cpp
  SoundBufferRecorder.cpp
  InputSoundFile.cpp
  OutputSoundFile.cpp
  SoundRecorder.cpp
  SoundSource.cpp
  SoundStream.cpp
  SoundFileFactory.cpp
  SoundFileReaderFlac.cpp
  SoundFileReaderMp3.cpp
  SoundFileReaderOgg.cpp
  SoundFileReaderWav.cpp
  Generating Code...
  Compiling...
  SoundFileWriterFlac.cpp
  SoundFileWriterOgg.cpp
  SoundFileWriterWav.cpp
  Generating Code...
     Creating library C:/Users/Deberry/Desktop/School Projects/ETEC2101_DataStructures/SFML-3.0.0-buildProject/lib/Debug/sfml-audio-d.lib and object C:/Users/Deberry/Desktop/School Projects/ETEC2101_DataStructures/SFML-3.0.0-buildProject/lib/Debug/sfml-audio-d.exp
  sfml-audio.vcxproj -> C:\Users\Deberry\Desktop\School Projects\ETEC2101_DataStructures\SFML-3.0.0-buildProject\bin\Debug\sfml-audio-d-3.dll
